2026-04-28 08:46:19,607 | INFO | Pipeline | === Iniciando pipeline 3W ===
2026-04-28 08:46:19,608 | INFO | DataProcessor | Carregando dataset de: C:\Users\jvt\Downloads\data\3W
2026-04-28 08:46:46,970 | INFO | DataProcessor | Windowing concluido: 19762 amostras totais
2026-04-28 08:46:47,106 | INFO | DataProcessor | Split: 15809 treino / 3953 teste
2026-04-28 08:46:49,292 | INFO | ThreeWToolkit.trainer.trainer | ModelTrainer initialized | model=MLP | device=cpu | lr=0.001 | epochs=20 | batch=32 | cv=False
2026-04-28 08:46:49,292 | INFO | ModelManager | Iniciando treinamento (20 épocas).
2026-04-28 08:46:50,146 | INFO | ThreeWToolkit.models.mlp | Epoch 1/20 | train_loss=0.695998 | val_loss=0.439915
2026-04-28 08:46:51,177 | INFO | ThreeWToolkit.models.mlp | Epoch 2/20 | train_loss=0.379451 | val_loss=0.341452
2026-04-28 08:46:52,434 | INFO | ThreeWToolkit.models.mlp | Epoch 3/20 | train_loss=0.349824 | val_loss=0.317553
2026-04-28 08:46:53,783 | INFO | ThreeWToolkit.models.mlp | Epoch 4/20 | train_loss=0.327144 | val_loss=0.308800
2026-04-28 08:46:54,649 | INFO | ThreeWToolkit.models.mlp | Epoch 5/20 | train_loss=0.323964 | val_loss=0.306247
2026-04-28 08:46:55,425 | INFO | ThreeWToolkit.models.mlp | Epoch 6/20 | train_loss=0.311401 | val_loss=0.313539
2026-04-28 08:46:56,239 | INFO | ThreeWToolkit.models.mlp | Epoch 7/20 | train_loss=0.313760 | val_loss=0.364539
2026-04-28 08:46:57,057 | INFO | ThreeWToolkit.models.mlp | Epoch 8/20 | train_loss=0.314413 | val_loss=0.305148
2026-04-28 08:46:57,901 | INFO | ThreeWToolkit.models.mlp | Epoch 9/20 | train_loss=0.312030 | val_loss=0.298802
2026-04-28 08:46:59,032 | INFO | ThreeWToolkit.models.mlp | Epoch 10/20 | train_loss=0.301924 | val_loss=0.303671
2026-04-28 08:47:00,498 | INFO | ThreeWToolkit.models.mlp | Epoch 11/20 | train_loss=0.300467 | val_loss=0.294263
2026-04-28 08:47:01,768 | INFO | ThreeWToolkit.models.mlp | Epoch 12/20 | train_loss=0.298005 | val_loss=0.333526
2026-04-28 08:47:03,025 | INFO | ThreeWToolkit.models.mlp | Epoch 13/20 | train_loss=0.304712 | val_loss=0.292809
2026-04-28 08:47:04,062 | INFO | ThreeWToolkit.models.mlp | Epoch 14/20 | train_loss=0.299440 | val_loss=0.293994
2026-04-28 08:47:05,195 | INFO | ThreeWToolkit.models.mlp | Epoch 15/20 | train_loss=0.293111 | val_loss=0.294302
2026-04-28 08:47:06,182 | INFO | ThreeWToolkit.models.mlp | Epoch 16/20 | train_loss=0.293431 | val_loss=0.291405
2026-04-28 08:47:07,152 | INFO | ThreeWToolkit.models.mlp | Epoch 17/20 | train_loss=0.287988 | val_loss=0.292518
2026-04-28 08:47:08,149 | INFO | ThreeWToolkit.models.mlp | Epoch 18/20 | train_loss=0.285592 | val_loss=0.279510
2026-04-28 08:47:09,095 | INFO | ThreeWToolkit.models.mlp | Epoch 19/20 | train_loss=0.282740 | val_loss=0.277229
2026-04-28 08:47:10,037 | INFO | ThreeWToolkit.models.mlp | Epoch 20/20 | train_loss=0.280375 | val_loss=0.279602
2026-04-28 08:47:10,045 | INFO | ModelManager | Treinamento concluído.
2026-04-28 08:47:19,205 | INFO | ModelManager | Métricas de teste        : {'accuracy': 0.8813559322033898}
2026-04-28 08:47:19,206 | INFO | ModelManager | Tempo total de inferęncia (FP32)  : 1.626 s
2026-04-28 08:47:19,207 | INFO | ModelManager | Tempo médio por amostra (FP32)    : 411.28 µs
2026-04-28 08:47:19,208 | INFO | ModelManager | Energia consumida (FP32)          : 12.8040 J  /  0.003557 Wh
2026-04-28 08:47:19,210 | INFO | ModelManager | Energia média por amostra (FP32)  : 3239.0478 µJ
2026-04-28 08:47:19,217 | INFO | Pipeline | Amostras exportadas – distribuiçăo de classes: {0: 4, 1: 3, 2: 3}
2026-04-28 08:47:19,218 | INFO | Quantizer | Quantizando modelo – INT8
2026-04-28 08:47:19,580 | INFO | Quantizer | INT8 – Divergęncia FP32 vs INT8: 0.0%  |  SNR: 12.58 dB  |  RMSE: 1.403947  |  Flash: ~32.0 KB
2026-04-28 08:47:19,590 | INFO | ArduinoExporter | Sketch gerado: output\sketches\mlp_3w_int8.ino  |  Flash ~32.0 KB  |  10 amostras de teste
2026-04-28 08:47:19,590 | INFO | Quantizer | Quantizando modelo – INT16
2026-04-28 08:47:19,975 | INFO | Quantizer | INT16 – Divergęncia FP32 vs INT16: 0.0%  |  SNR: 62.68 dB  |  RMSE: 0.004249  |  Flash: ~63.8 KB
2026-04-28 08:47:19,990 | INFO | ArduinoExporter | Sketch gerado: output\sketches\mlp_3w_int16.ino  |  Flash ~63.8 KB  |  10 amostras de teste
2026-04-28 08:47:19,991 | INFO | Quantizer | Quantizando modelo – INT32
2026-04-28 08:47:20,340 | INFO | Quantizer | INT32 – Divergęncia FP32 vs INT32: 0.0%  |  SNR: 145.38 dB  |  RMSE: 0.000000  |  Flash: ~127.6 KB
2026-04-28 08:47:20,353 | INFO | ArduinoExporter | Sketch gerado: output\sketches\mlp_3w_int32.ino  |  Flash ~127.6 KB  |  10 amostras de teste
2026-04-28 08:47:20,353 | INFO | Pipeline | === Pipeline 3W concluído ===
