2026-04-28 08:41:04,737 | INFO | Pipeline | === Iniciando pipeline 3W ===
2026-04-28 08:41:04,737 | INFO | DataProcessor | Carregando dataset de: C:\Users\jvt\Downloads\data\3W
2026-04-28 08:41:32,038 | INFO | DataProcessor | Windowing concluido: 19762 amostras totais
2026-04-28 08:41:32,178 | INFO | DataProcessor | Split: 15809 treino / 3953 teste
2026-04-28 08:41:34,678 | INFO | ThreeWToolkit.trainer.trainer | ModelTrainer initialized | model=MLP | device=cpu | lr=0.001 | epochs=20 | batch=32 | cv=False
2026-04-28 08:41:34,679 | INFO | ModelManager | Iniciando treinamento (20 épocas).
2026-04-28 08:41:35,513 | INFO | ThreeWToolkit.models.mlp | Epoch 1/20 | train_loss=0.624468 | val_loss=0.395861
2026-04-28 08:41:36,666 | INFO | ThreeWToolkit.models.mlp | Epoch 2/20 | train_loss=0.383332 | val_loss=0.345613
2026-04-28 08:41:37,629 | INFO | ThreeWToolkit.models.mlp | Epoch 3/20 | train_loss=0.346084 | val_loss=0.324287
2026-04-28 08:41:38,785 | INFO | ThreeWToolkit.models.mlp | Epoch 4/20 | train_loss=0.327547 | val_loss=0.318157
2026-04-28 08:41:40,002 | INFO | ThreeWToolkit.models.mlp | Epoch 5/20 | train_loss=0.332482 | val_loss=0.319989
2026-04-28 08:41:41,200 | INFO | ThreeWToolkit.models.mlp | Epoch 6/20 | train_loss=0.327710 | val_loss=0.325835
2026-04-28 08:41:42,841 | INFO | ThreeWToolkit.models.mlp | Epoch 7/20 | train_loss=0.321861 | val_loss=0.312584
2026-04-28 08:41:43,820 | INFO | ThreeWToolkit.models.mlp | Epoch 8/20 | train_loss=0.317063 | val_loss=0.333895
2026-04-28 08:41:44,734 | INFO | ThreeWToolkit.models.mlp | Epoch 9/20 | train_loss=0.314999 | val_loss=0.309231
2026-04-28 08:41:45,670 | INFO | ThreeWToolkit.models.mlp | Epoch 10/20 | train_loss=0.312218 | val_loss=0.306845
2026-04-28 08:41:46,685 | INFO | ThreeWToolkit.models.mlp | Epoch 11/20 | train_loss=0.307884 | val_loss=0.304186
2026-04-28 08:41:47,678 | INFO | ThreeWToolkit.models.mlp | Epoch 12/20 | train_loss=0.306232 | val_loss=0.311068
2026-04-28 08:41:48,696 | INFO | ThreeWToolkit.models.mlp | Epoch 13/20 | train_loss=0.306366 | val_loss=0.307354
2026-04-28 08:41:49,944 | INFO | ThreeWToolkit.models.mlp | Epoch 14/20 | train_loss=0.304080 | val_loss=0.305401
2026-04-28 08:41:51,247 | INFO | ThreeWToolkit.models.mlp | Epoch 15/20 | train_loss=0.302823 | val_loss=0.300096
2026-04-28 08:41:52,933 | INFO | ThreeWToolkit.models.mlp | Epoch 16/20 | train_loss=0.301053 | val_loss=0.298462
2026-04-28 08:41:54,711 | INFO | ThreeWToolkit.models.mlp | Epoch 17/20 | train_loss=0.299119 | val_loss=0.296698
2026-04-28 08:41:56,555 | INFO | ThreeWToolkit.models.mlp | Epoch 18/20 | train_loss=0.298386 | val_loss=0.302018
2026-04-28 08:41:58,002 | INFO | ThreeWToolkit.models.mlp | Epoch 19/20 | train_loss=0.299441 | val_loss=0.296731
2026-04-28 08:42:00,139 | INFO | ThreeWToolkit.models.mlp | Epoch 20/20 | train_loss=0.295878 | val_loss=0.294723
2026-04-28 08:42:00,149 | INFO | ModelManager | Treinamento concluído.
2026-04-28 08:42:11,035 | INFO | ModelManager | Métricas de teste        : {'accuracy': 0.881861877055401}
2026-04-28 08:42:11,036 | INFO | ModelManager | Tempo total de inferęncia (FP32)  : 1.653 s
2026-04-28 08:42:11,037 | INFO | ModelManager | Tempo médio por amostra (FP32)    : 418.26 µs
2026-04-28 08:42:11,037 | INFO | ModelManager | Energia consumida (FP32)          : 13.3062 J  /  0.003696 Wh
2026-04-28 08:42:11,038 | INFO | ModelManager | Energia média por amostra (FP32)  : 3366.0986 µJ
2026-04-28 08:42:11,051 | INFO | Pipeline | Amostras exportadas – distribuiçăo de classes: {0: 4, 1: 3, 2: 3}
2026-04-28 08:42:11,052 | INFO | Quantizer | Quantizando modelo – INT8
2026-04-28 08:42:11,706 | INFO | Quantizer | INT8 – Divergęncia FP32 vs INT8: 0.0%  |  SNR: 18.07 dB  |  RMSE: 0.806024  |  Flash: ~32.0 KB
2026-04-28 08:42:11,720 | INFO | ArduinoExporter | Sketch gerado: outputs\sketches\mlp_3w_int8.ino  |  Flash ~32.0 KB  |  10 amostras de teste
2026-04-28 08:42:11,721 | INFO | Quantizer | Quantizando modelo – INT16
2026-04-28 08:42:12,388 | INFO | Quantizer | INT16 – Divergęncia FP32 vs INT16: 0.0%  |  SNR: 66.00 dB  |  RMSE: 0.003031  |  Flash: ~63.8 KB
2026-04-28 08:42:12,411 | INFO | ArduinoExporter | Sketch gerado: outputs\sketches\mlp_3w_int16.ino  |  Flash ~63.8 KB  |  10 amostras de teste
2026-04-28 08:42:12,412 | INFO | Quantizer | Quantizando modelo – INT32
2026-04-28 08:42:13,050 | INFO | Quantizer | INT32 – Divergęncia FP32 vs INT32: 0.0%  |  SNR: 146.12 dB  |  RMSE: 0.000000  |  Flash: ~127.6 KB
2026-04-28 08:42:13,083 | INFO | ArduinoExporter | Sketch gerado: outputs\sketches\mlp_3w_int32.ino  |  Flash ~127.6 KB  |  10 amostras de teste
2026-04-28 08:42:13,084 | INFO | Pipeline | === Pipeline 3W concluído ===
