2026-04-28 09:28:34,257 | INFO | Pipeline | Iniciando pipeline
2026-04-28 09:28:34,258 | INFO | DataProcessor | Carregando dataset de: C:\Users\jvt\Downloads\data\3W
2026-04-28 09:28:58,100 | INFO | DataProcessor | Windowing concluido: 19762 amostras totais
2026-04-28 09:28:58,220 | INFO | DataProcessor | Split: 15809 treino / 3953 teste
2026-04-28 09:29:00,402 | INFO | ThreeWToolkit.trainer.trainer | ModelTrainer initialized | model=MLP | device=cpu | lr=0.001 | epochs=20 | batch=32 | cv=False
2026-04-28 09:29:00,403 | INFO | ModelManager | Iniciando treinamento (20 epocas).
2026-04-28 09:29:00,984 | INFO | ThreeWToolkit.models.mlp | Epoch 1/20 | train_loss=0.693434 | val_loss=0.400573
2026-04-28 09:29:01,507 | INFO | ThreeWToolkit.models.mlp | Epoch 2/20 | train_loss=0.408314 | val_loss=0.385177
2026-04-28 09:29:02,102 | INFO | ThreeWToolkit.models.mlp | Epoch 3/20 | train_loss=0.356489 | val_loss=0.346847
2026-04-28 09:29:02,645 | INFO | ThreeWToolkit.models.mlp | Epoch 4/20 | train_loss=0.338522 | val_loss=0.323435
2026-04-28 09:29:03,183 | INFO | ThreeWToolkit.models.mlp | Epoch 5/20 | train_loss=0.327847 | val_loss=0.314239
2026-04-28 09:29:03,716 | INFO | ThreeWToolkit.models.mlp | Epoch 6/20 | train_loss=0.320881 | val_loss=0.313202
2026-04-28 09:29:04,249 | INFO | ThreeWToolkit.models.mlp | Epoch 7/20 | train_loss=0.321594 | val_loss=0.313025
2026-04-28 09:29:04,777 | INFO | ThreeWToolkit.models.mlp | Epoch 8/20 | train_loss=0.315015 | val_loss=0.315042
2026-04-28 09:29:05,321 | INFO | ThreeWToolkit.models.mlp | Epoch 9/20 | train_loss=0.311288 | val_loss=0.305323
2026-04-28 09:29:05,863 | INFO | ThreeWToolkit.models.mlp | Epoch 10/20 | train_loss=0.314344 | val_loss=0.310245
2026-04-28 09:29:06,429 | INFO | ThreeWToolkit.models.mlp | Epoch 11/20 | train_loss=0.309899 | val_loss=0.370460
2026-04-28 09:29:06,974 | INFO | ThreeWToolkit.models.mlp | Epoch 12/20 | train_loss=0.306896 | val_loss=0.317156
2026-04-28 09:29:07,531 | INFO | ThreeWToolkit.models.mlp | Epoch 13/20 | train_loss=0.305877 | val_loss=0.306930
2026-04-28 09:29:08,078 | INFO | ThreeWToolkit.models.mlp | Epoch 14/20 | train_loss=0.301384 | val_loss=0.291681
2026-04-28 09:29:08,626 | INFO | ThreeWToolkit.models.mlp | Epoch 15/20 | train_loss=0.297354 | val_loss=0.300127
2026-04-28 09:29:09,191 | INFO | ThreeWToolkit.models.mlp | Epoch 16/20 | train_loss=0.295255 | val_loss=0.288406
2026-04-28 09:29:09,735 | INFO | ThreeWToolkit.models.mlp | Epoch 17/20 | train_loss=0.292296 | val_loss=0.290804
2026-04-28 09:29:10,310 | INFO | ThreeWToolkit.models.mlp | Epoch 18/20 | train_loss=0.289908 | val_loss=0.288182
2026-04-28 09:29:11,092 | INFO | ThreeWToolkit.models.mlp | Epoch 19/20 | train_loss=0.290630 | val_loss=0.300376
2026-04-28 09:29:11,671 | INFO | ThreeWToolkit.models.mlp | Epoch 20/20 | train_loss=0.287914 | val_loss=0.287254
2026-04-28 09:29:11,676 | INFO | ModelManager | Treinamento concluido.
2026-04-28 09:29:20,355 | INFO | ModelManager | Métricas de teste        : {'accuracy': 0.887680242853529}
2026-04-28 09:29:20,355 | INFO | ModelManager | Tempo total de inferęncia (FP32)  : 1.658 s
2026-04-28 09:29:20,356 | INFO | ModelManager | Tempo médio por amostra (FP32)    : 419.45 µs
2026-04-28 09:29:20,356 | INFO | ModelManager | Energia consumida (FP32)          : 12.5605 J  /  0.003489 Wh
2026-04-28 09:29:20,356 | INFO | ModelManager | Energia média por amostra (FP32)  : 3177.4551 µJ
2026-04-28 09:29:20,676 | INFO | Plotter | Plot salvo: output\plots\loss_curves.png
2026-04-28 09:29:20,792 | INFO | Plotter | Plot salvo: output\plots\confusion_matrix.png
2026-04-28 09:29:20,793 | INFO | Pipeline | Amostras exportadas – distribuiçăo de classes: {0: 4, 1: 3, 2: 3}
2026-04-28 09:29:20,794 | INFO | Quantizer | Quantizando modelo – INT8
2026-04-28 09:29:21,128 | INFO | Quantizer | INT8 – Divergęncia FP32 vs INT8: 5.0%  |  SNR: 13.02 dB  |  RMSE: 1.371339  |  Flash: ~32.0 KB
2026-04-28 09:29:21,139 | INFO | ArduinoExporter | Sketch gerado: output\sketches\mlp_3w_int8.ino  |  Flash ~32.0 KB  |  10 amostras de teste
2026-04-28 09:29:21,139 | INFO | Quantizer | Quantizando modelo – INT16
2026-04-28 09:29:21,467 | INFO | Quantizer | INT16 – Divergęncia FP32 vs INT16: 0.0%  |  SNR: 62.73 dB  |  RMSE: 0.004365  |  Flash: ~63.8 KB
2026-04-28 09:29:21,478 | INFO | ArduinoExporter | Sketch gerado: output\sketches\mlp_3w_int16.ino  |  Flash ~63.8 KB  |  10 amostras de teste
2026-04-28 09:29:21,478 | INFO | Quantizer | Quantizando modelo – INT32
2026-04-28 09:29:21,797 | INFO | Quantizer | INT32 – Divergęncia FP32 vs INT32: 0.0%  |  SNR: 145.37 dB  |  RMSE: 0.000000  |  Flash: ~127.6 KB
2026-04-28 09:29:21,809 | INFO | ArduinoExporter | Sketch gerado: output\sketches\mlp_3w_int32.ino  |  Flash ~127.6 KB  |  10 amostras de teste
2026-04-28 09:29:21,809 | INFO | Pipeline | Pipeline finalizado
