2026-04-28 09:26:26,539 | INFO | Pipeline | Iniciando pipeline
2026-04-28 09:26:26,540 | INFO | DataProcessor | Carregando dataset de: C:\Users\jvt\Downloads\data\3W
2026-04-28 09:26:54,251 | INFO | DataProcessor | Windowing concluido: 19762 amostras totais
2026-04-28 09:26:54,398 | INFO | DataProcessor | Split: 15809 treino / 3953 teste
2026-04-28 09:26:56,686 | INFO | ThreeWToolkit.trainer.trainer | ModelTrainer initialized | model=MLP | device=cpu | lr=0.001 | epochs=20 | batch=32 | cv=False
2026-04-28 09:26:56,686 | INFO | ModelManager | Iniciando treinamento (20 epocas).
2026-04-28 09:26:57,358 | INFO | ThreeWToolkit.models.mlp | Epoch 1/20 | train_loss=0.711032 | val_loss=0.399491
2026-04-28 09:26:57,960 | INFO | ThreeWToolkit.models.mlp | Epoch 2/20 | train_loss=0.379152 | val_loss=0.372116
2026-04-28 09:26:58,530 | INFO | ThreeWToolkit.models.mlp | Epoch 3/20 | train_loss=0.344271 | val_loss=0.338452
2026-04-28 09:26:59,071 | INFO | ThreeWToolkit.models.mlp | Epoch 4/20 | train_loss=0.335060 | val_loss=0.319119
2026-04-28 09:26:59,632 | INFO | ThreeWToolkit.models.mlp | Epoch 5/20 | train_loss=0.317067 | val_loss=0.309261
2026-04-28 09:27:00,163 | INFO | ThreeWToolkit.models.mlp | Epoch 6/20 | train_loss=0.311569 | val_loss=0.301508
2026-04-28 09:27:00,722 | INFO | ThreeWToolkit.models.mlp | Epoch 7/20 | train_loss=0.308751 | val_loss=0.306897
2026-04-28 09:27:01,271 | INFO | ThreeWToolkit.models.mlp | Epoch 8/20 | train_loss=0.301053 | val_loss=0.297209
2026-04-28 09:27:01,809 | INFO | ThreeWToolkit.models.mlp | Epoch 9/20 | train_loss=0.297169 | val_loss=0.328581
2026-04-28 09:27:02,374 | INFO | ThreeWToolkit.models.mlp | Epoch 10/20 | train_loss=0.296616 | val_loss=0.292101
2026-04-28 09:27:02,918 | INFO | ThreeWToolkit.models.mlp | Epoch 11/20 | train_loss=0.291690 | val_loss=0.289172
2026-04-28 09:27:03,461 | INFO | ThreeWToolkit.models.mlp | Epoch 12/20 | train_loss=0.291625 | val_loss=0.285717
2026-04-28 09:27:04,027 | INFO | ThreeWToolkit.models.mlp | Epoch 13/20 | train_loss=0.289265 | val_loss=0.292615
2026-04-28 09:27:04,556 | INFO | ThreeWToolkit.models.mlp | Epoch 14/20 | train_loss=0.286984 | val_loss=0.283757
2026-04-28 09:27:05,084 | INFO | ThreeWToolkit.models.mlp | Epoch 15/20 | train_loss=0.290679 | val_loss=0.293719
2026-04-28 09:27:05,648 | INFO | ThreeWToolkit.models.mlp | Epoch 16/20 | train_loss=0.285540 | val_loss=0.282033
2026-04-28 09:27:06,204 | INFO | ThreeWToolkit.models.mlp | Epoch 17/20 | train_loss=0.286194 | val_loss=0.285691
2026-04-28 09:27:06,741 | INFO | ThreeWToolkit.models.mlp | Epoch 18/20 | train_loss=0.284514 | val_loss=0.289235
2026-04-28 09:27:07,371 | INFO | ThreeWToolkit.models.mlp | Epoch 19/20 | train_loss=0.283507 | val_loss=0.286594
2026-04-28 09:27:07,950 | INFO | ThreeWToolkit.models.mlp | Epoch 20/20 | train_loss=0.283554 | val_loss=0.282458
2026-04-28 09:27:07,955 | INFO | ModelManager | Treinamento concluido.
2026-04-28 09:27:17,126 | INFO | ModelManager | Métricas de teste        : {'accuracy': 0.8778143182393119}
2026-04-28 09:27:17,126 | INFO | ModelManager | Tempo total de inferęncia (FP32)  : 1.663 s
2026-04-28 09:27:17,127 | INFO | ModelManager | Tempo médio por amostra (FP32)    : 420.66 µs
2026-04-28 09:27:17,127 | INFO | ModelManager | Energia consumida (FP32)          : 12.8712 J  /  0.003575 Wh
2026-04-28 09:27:17,127 | INFO | ModelManager | Energia média por amostra (FP32)  : 3256.0524 µJ
